<?xml version="1.0"?>
<testsuite name="PhantomJS 2.1.1 (Linux 0.0.0)" package="" timestamp="2016-04-14T12:38:46" id="0" hostname="SCS-I01" tests="1" errors="0" failures="0" time="0.467">
  <properties>
    <property name="browser.fullName" value="Mozilla/5.0 (Unknown; Linux x86_64) AppleWebKit/538.1 (KHTML, like Gecko) PhantomJS/2.1.1 Safari/538.1"/>
  </properties>
  <testcase name="Testing the Login Module: should respond with success" time="0.467" classname="PhantomJS_2_1_1_(Linux_0_0_0).Testing the Login Module:"/>
  <system-out>
    <![CDATA[PhantomJS 2.1.1 (Linux 0.0.0) LOG: 'success'

]]>
  </system-out>
  <system-err/>
</testsuite>