<?xml version="1.0"?>
<testsuite name="Chrome 49.0.2623 (Linux 0.0.0)" package="" timestamp="2016-04-14T12:38:46" id="0" hostname="SCS-I01" tests="1" errors="0" failures="0" time="0.12">
  <properties>
    <property name="browser.fullName" value="Mozilla/5.0 (X11; Linux x86_64) AppleWebKit/537.36 (KHTML, like Gecko) Chrome/49.0.2623.112 Safari/537.36"/>
  </properties>
  <testcase name="Testing the Login Module: should respond with success" time="0.12" classname="Chrome_49_0_2623_(Linux_0_0_0).Testing the Login Module:"/>
  <system-out>
    <![CDATA[PhantomJS 2.1.1 (Linux 0.0.0) LOG: 'success'
,Chrome 49.0.2623 (Linux 0.0.0) LOG: 'success'

]]>
  </system-out>
  <system-err/>
</testsuite>